0 info it worked if it ends with ok
1 verbose cli [ '/Users/YusukeAbe/.nodebrew/node/v0.10.28/bin/node',
1 verbose cli   '/Users/YusukeAbe/.nodebrew/current/bin/npm',
1 verbose cli   'install' ]
2 info using npm@1.4.9
3 info using node@v0.10.28
4 verbose readDependencies using package.json deps
5 verbose install where, deps [ '/Users/YusukeAbe/src/lab/phoenixblog',
5 verbose install   [ 'babel-brunch',
5 verbose install     'brunch',
5 verbose install     'clean-css-brunch',
5 verbose install     'css-brunch',
5 verbose install     'javascript-brunch',
5 verbose install     'uglify-js-brunch',
5 verbose install     'phoenix',
5 verbose install     'phoenix_html' ] ]
6 info preinstall @
7 verbose readDependencies using package.json deps
8 verbose cache add [ 'babel-brunch@~6.0.0', null ]
9 verbose cache add name=undefined spec="babel-brunch@~6.0.0" args=["babel-brunch@~6.0.0",null]
10 verbose parsed url { protocol: null,
10 verbose parsed url   slashes: null,
10 verbose parsed url   auth: null,
10 verbose parsed url   host: null,
10 verbose parsed url   port: null,
10 verbose parsed url   hostname: null,
10 verbose parsed url   hash: null,
10 verbose parsed url   search: null,
10 verbose parsed url   query: null,
10 verbose parsed url   pathname: 'babel-brunch@~6.0.0',
10 verbose parsed url   path: 'babel-brunch@~6.0.0',
10 verbose parsed url   href: 'babel-brunch@~6.0.0' }
11 verbose cache add name="babel-brunch" spec="~6.0.0" args=["babel-brunch","~6.0.0"]
12 verbose parsed url { protocol: null,
12 verbose parsed url   slashes: null,
12 verbose parsed url   auth: null,
12 verbose parsed url   host: null,
12 verbose parsed url   port: null,
12 verbose parsed url   hostname: null,
12 verbose parsed url   hash: null,
12 verbose parsed url   search: null,
12 verbose parsed url   query: null,
12 verbose parsed url   pathname: '~6.0.0',
12 verbose parsed url   path: '~6.0.0',
12 verbose parsed url   href: '~6.0.0' }
13 verbose addNamed [ 'babel-brunch', '~6.0.0' ]
14 verbose addNamed [ null, '>=6.0.0-0 <6.1.0-0' ]
15 verbose cache add [ 'brunch@~2.1.3', null ]
16 verbose cache add name=undefined spec="brunch@~2.1.3" args=["brunch@~2.1.3",null]
17 verbose parsed url { protocol: null,
17 verbose parsed url   slashes: null,
17 verbose parsed url   auth: null,
17 verbose parsed url   host: null,
17 verbose parsed url   port: null,
17 verbose parsed url   hostname: null,
17 verbose parsed url   hash: null,
17 verbose parsed url   search: null,
17 verbose parsed url   query: null,
17 verbose parsed url   pathname: 'brunch@~2.1.3',
17 verbose parsed url   path: 'brunch@~2.1.3',
17 verbose parsed url   href: 'brunch@~2.1.3' }
18 verbose cache add name="brunch" spec="~2.1.3" args=["brunch","~2.1.3"]
19 verbose parsed url { protocol: null,
19 verbose parsed url   slashes: null,
19 verbose parsed url   auth: null,
19 verbose parsed url   host: null,
19 verbose parsed url   port: null,
19 verbose parsed url   hostname: null,
19 verbose parsed url   hash: null,
19 verbose parsed url   search: null,
19 verbose parsed url   query: null,
19 verbose parsed url   pathname: '~2.1.3',
19 verbose parsed url   path: '~2.1.3',
19 verbose parsed url   href: '~2.1.3' }
20 verbose addNamed [ 'brunch', '~2.1.3' ]
21 verbose addNamed [ null, '>=2.1.3-0 <2.2.0-0' ]
22 silly lockFile 6b74a846-babel-brunch-6-0-0 babel-brunch@~6.0.0
23 verbose lock babel-brunch@~6.0.0 /Users/YusukeAbe/.npm/6b74a846-babel-brunch-6-0-0.lock
24 verbose cache add [ 'css-brunch@~1.7.0', null ]
25 verbose cache add name=undefined spec="css-brunch@~1.7.0" args=["css-brunch@~1.7.0",null]
26 verbose parsed url { protocol: null,
26 verbose parsed url   slashes: null,
26 verbose parsed url   auth: null,
26 verbose parsed url   host: null,
26 verbose parsed url   port: null,
26 verbose parsed url   hostname: null,
26 verbose parsed url   hash: null,
26 verbose parsed url   search: null,
26 verbose parsed url   query: null,
26 verbose parsed url   pathname: 'css-brunch@~1.7.0',
26 verbose parsed url   path: 'css-brunch@~1.7.0',
26 verbose parsed url   href: 'css-brunch@~1.7.0' }
27 verbose cache add name="css-brunch" spec="~1.7.0" args=["css-brunch","~1.7.0"]
28 verbose parsed url { protocol: null,
28 verbose parsed url   slashes: null,
28 verbose parsed url   auth: null,
28 verbose parsed url   host: null,
28 verbose parsed url   port: null,
28 verbose parsed url   hostname: null,
28 verbose parsed url   hash: null,
28 verbose parsed url   search: null,
28 verbose parsed url   query: null,
28 verbose parsed url   pathname: '~1.7.0',
28 verbose parsed url   path: '~1.7.0',
28 verbose parsed url   href: '~1.7.0' }
29 verbose addNamed [ 'css-brunch', '~1.7.0' ]
30 verbose addNamed [ null, '>=1.7.0-0 <1.8.0-0' ]
31 silly lockFile 37226b7f-css-brunch-1-7-0 css-brunch@~1.7.0
32 verbose lock css-brunch@~1.7.0 /Users/YusukeAbe/.npm/37226b7f-css-brunch-1-7-0.lock
33 verbose cache add [ 'clean-css-brunch@~1.8.0', null ]
34 verbose cache add name=undefined spec="clean-css-brunch@~1.8.0" args=["clean-css-brunch@~1.8.0",null]
35 verbose parsed url { protocol: null,
35 verbose parsed url   slashes: null,
35 verbose parsed url   auth: null,
35 verbose parsed url   host: null,
35 verbose parsed url   port: null,
35 verbose parsed url   hostname: null,
35 verbose parsed url   hash: null,
35 verbose parsed url   search: null,
35 verbose parsed url   query: null,
35 verbose parsed url   pathname: 'clean-css-brunch@~1.8.0',
35 verbose parsed url   path: 'clean-css-brunch@~1.8.0',
35 verbose parsed url   href: 'clean-css-brunch@~1.8.0' }
36 verbose cache add name="clean-css-brunch" spec="~1.8.0" args=["clean-css-brunch","~1.8.0"]
37 verbose parsed url { protocol: null,
37 verbose parsed url   slashes: null,
37 verbose parsed url   auth: null,
37 verbose parsed url   host: null,
37 verbose parsed url   port: null,
37 verbose parsed url   hostname: null,
37 verbose parsed url   hash: null,
37 verbose parsed url   search: null,
37 verbose parsed url   query: null,
37 verbose parsed url   pathname: '~1.8.0',
37 verbose parsed url   path: '~1.8.0',
37 verbose parsed url   href: '~1.8.0' }
38 verbose addNamed [ 'clean-css-brunch', '~1.8.0' ]
39 verbose addNamed [ null, '>=1.8.0-0 <1.9.0-0' ]
40 silly lockFile ce351c63-clean-css-brunch-1-8-0 clean-css-brunch@~1.8.0
41 verbose lock clean-css-brunch@~1.8.0 /Users/YusukeAbe/.npm/ce351c63-clean-css-brunch-1-8-0.lock
42 verbose cache add [ 'javascript-brunch@~1.8.0', null ]
43 verbose cache add name=undefined spec="javascript-brunch@~1.8.0" args=["javascript-brunch@~1.8.0",null]
44 verbose parsed url { protocol: null,
44 verbose parsed url   slashes: null,
44 verbose parsed url   auth: null,
44 verbose parsed url   host: null,
44 verbose parsed url   port: null,
44 verbose parsed url   hostname: null,
44 verbose parsed url   hash: null,
44 verbose parsed url   search: null,
44 verbose parsed url   query: null,
44 verbose parsed url   pathname: 'javascript-brunch@~1.8.0',
44 verbose parsed url   path: 'javascript-brunch@~1.8.0',
44 verbose parsed url   href: 'javascript-brunch@~1.8.0' }
45 verbose cache add name="javascript-brunch" spec="~1.8.0" args=["javascript-brunch","~1.8.0"]
46 verbose parsed url { protocol: null,
46 verbose parsed url   slashes: null,
46 verbose parsed url   auth: null,
46 verbose parsed url   host: null,
46 verbose parsed url   port: null,
46 verbose parsed url   hostname: null,
46 verbose parsed url   hash: null,
46 verbose parsed url   search: null,
46 verbose parsed url   query: null,
46 verbose parsed url   pathname: '~1.8.0',
46 verbose parsed url   path: '~1.8.0',
46 verbose parsed url   href: '~1.8.0' }
47 verbose addNamed [ 'javascript-brunch', '~1.8.0' ]
48 verbose addNamed [ null, '>=1.8.0-0 <1.9.0-0' ]
49 silly lockFile e65a8e02-javascript-brunch-1-8-0 javascript-brunch@~1.8.0
50 verbose lock javascript-brunch@~1.8.0 /Users/YusukeAbe/.npm/e65a8e02-javascript-brunch-1-8-0.lock
51 verbose cache add [ 'uglify-js-brunch@~1.7.0', null ]
52 verbose cache add name=undefined spec="uglify-js-brunch@~1.7.0" args=["uglify-js-brunch@~1.7.0",null]
53 verbose parsed url { protocol: null,
53 verbose parsed url   slashes: null,
53 verbose parsed url   auth: null,
53 verbose parsed url   host: null,
53 verbose parsed url   port: null,
53 verbose parsed url   hostname: null,
53 verbose parsed url   hash: null,
53 verbose parsed url   search: null,
53 verbose parsed url   query: null,
53 verbose parsed url   pathname: 'uglify-js-brunch@~1.7.0',
53 verbose parsed url   path: 'uglify-js-brunch@~1.7.0',
53 verbose parsed url   href: 'uglify-js-brunch@~1.7.0' }
54 verbose cache add name="uglify-js-brunch" spec="~1.7.0" args=["uglify-js-brunch","~1.7.0"]
55 verbose parsed url { protocol: null,
55 verbose parsed url   slashes: null,
55 verbose parsed url   auth: null,
55 verbose parsed url   host: null,
55 verbose parsed url   port: null,
55 verbose parsed url   hostname: null,
55 verbose parsed url   hash: null,
55 verbose parsed url   search: null,
55 verbose parsed url   query: null,
55 verbose parsed url   pathname: '~1.7.0',
55 verbose parsed url   path: '~1.7.0',
55 verbose parsed url   href: '~1.7.0' }
56 verbose addNamed [ 'uglify-js-brunch', '~1.7.0' ]
57 verbose addNamed [ null, '>=1.7.0-0 <1.8.0-0' ]
58 silly lockFile 1e79e113-uglify-js-brunch-1-7-0 uglify-js-brunch@~1.7.0
59 verbose lock uglify-js-brunch@~1.7.0 /Users/YusukeAbe/.npm/1e79e113-uglify-js-brunch-1-7-0.lock
60 silly lockFile ae899708-brunch-2-1-3 brunch@~2.1.3
61 verbose lock brunch@~2.1.3 /Users/YusukeAbe/.npm/ae899708-brunch-2-1-3.lock
62 verbose cache add [ 'phoenix@file:deps/phoenix', null ]
63 verbose cache add name=undefined spec="phoenix@file:deps/phoenix" args=["phoenix@file:deps/phoenix",null]
64 verbose parsed url { protocol: null,
64 verbose parsed url   slashes: null,
64 verbose parsed url   auth: null,
64 verbose parsed url   host: null,
64 verbose parsed url   port: null,
64 verbose parsed url   hostname: null,
64 verbose parsed url   hash: null,
64 verbose parsed url   search: null,
64 verbose parsed url   query: null,
64 verbose parsed url   pathname: 'phoenix@file:deps/phoenix',
64 verbose parsed url   path: 'phoenix@file:deps/phoenix',
64 verbose parsed url   href: 'phoenix@file:deps/phoenix' }
65 verbose cache add [ 'phoenix_html@file:deps/phoenix_html', null ]
66 verbose cache add name=undefined spec="phoenix_html@file:deps/phoenix_html" args=["phoenix_html@file:deps/phoenix_html",null]
67 verbose parsed url { protocol: null,
67 verbose parsed url   slashes: null,
67 verbose parsed url   auth: null,
67 verbose parsed url   host: null,
67 verbose parsed url   port: null,
67 verbose parsed url   hostname: null,
67 verbose parsed url   hash: null,
67 verbose parsed url   search: null,
67 verbose parsed url   query: null,
67 verbose parsed url   pathname: 'phoenix_html@file:deps/phoenix_html',
67 verbose parsed url   path: 'phoenix_html@file:deps/phoenix_html',
67 verbose parsed url   href: 'phoenix_html@file:deps/phoenix_html' }
68 silly addNameRange { name: 'babel-brunch',
68 silly addNameRange   range: '>=6.0.0-0 <6.1.0-0',
68 silly addNameRange   hasData: false }
69 silly addNameRange { name: 'css-brunch',
69 silly addNameRange   range: '>=1.7.0-0 <1.8.0-0',
69 silly addNameRange   hasData: false }
70 silly addNameRange { name: 'clean-css-brunch',
70 silly addNameRange   range: '>=1.8.0-0 <1.9.0-0',
70 silly addNameRange   hasData: false }
71 silly addNameRange { name: 'javascript-brunch',
71 silly addNameRange   range: '>=1.8.0-0 <1.9.0-0',
71 silly addNameRange   hasData: false }
72 verbose cache add name="phoenix" spec="file:deps/phoenix" args=["phoenix","file:deps/phoenix"]
73 verbose parsed url { protocol: 'file:',
73 verbose parsed url   slashes: null,
73 verbose parsed url   auth: null,
73 verbose parsed url   host: null,
73 verbose parsed url   port: null,
73 verbose parsed url   hostname: null,
73 verbose parsed url   hash: null,
73 verbose parsed url   search: null,
73 verbose parsed url   query: null,
73 verbose parsed url   pathname: 'deps/phoenix',
73 verbose parsed url   path: 'deps/phoenix',
73 verbose parsed url   href: 'file:deps/phoenix' }
74 verbose addNamed [ 'phoenix', 'file:deps/phoenix' ]
75 verbose addNamed [ null, null ]
76 silly lockFile 25706d37-phoenix-file-deps-phoenix phoenix@file:deps/phoenix
77 verbose lock phoenix@file:deps/phoenix /Users/YusukeAbe/.npm/25706d37-phoenix-file-deps-phoenix.lock
78 verbose cache add name="phoenix_html" spec="file:deps/phoenix_html" args=["phoenix_html","file:deps/phoenix_html"]
79 verbose parsed url { protocol: 'file:',
79 verbose parsed url   slashes: null,
79 verbose parsed url   auth: null,
79 verbose parsed url   host: null,
79 verbose parsed url   port: null,
79 verbose parsed url   hostname: null,
79 verbose parsed url   hash: null,
79 verbose parsed url   search: null,
79 verbose parsed url   query: null,
79 verbose parsed url   pathname: 'deps/phoenix_html',
79 verbose parsed url   path: 'deps/phoenix_html',
79 verbose parsed url   href: 'file:deps/phoenix_html' }
80 verbose addNamed [ 'phoenix_html', 'file:deps/phoenix_html' ]
81 verbose addNamed [ null, null ]
82 silly lockFile 3d88e48d-enix-html-file-deps-phoenix-html phoenix_html@file:deps/phoenix_html
83 verbose lock phoenix_html@file:deps/phoenix_html /Users/YusukeAbe/.npm/3d88e48d-enix-html-file-deps-phoenix-html.lock
84 silly addNameRange { name: 'uglify-js-brunch',
84 silly addNameRange   range: '>=1.7.0-0 <1.8.0-0',
84 silly addNameRange   hasData: false }
85 silly addNameRange { name: 'brunch', range: '>=2.1.3-0 <2.2.0-0', hasData: false }
86 info addNameTag [ 'phoenix', 'file:deps/phoenix' ]
87 info addNameTag [ 'phoenix_html', 'file:deps/phoenix_html' ]
88 verbose url raw clean-css-brunch
89 verbose url resolving [ 'https://registry.npmjs.org/', './clean-css-brunch' ]
90 verbose url resolved https://registry.npmjs.org/clean-css-brunch
91 info trying registry request attempt 1 at 23:59:15
92 verbose etag "5MPZPCMAI74IWZRADCMJFIHZW"
93 http GET https://registry.npmjs.org/clean-css-brunch
94 verbose url raw css-brunch
95 verbose url resolving [ 'https://registry.npmjs.org/', './css-brunch' ]
96 verbose url resolved https://registry.npmjs.org/css-brunch
97 info trying registry request attempt 1 at 23:59:15
98 verbose etag "4YX2L1NJVSI2XGV2B6L7CKNYH"
99 http GET https://registry.npmjs.org/css-brunch
100 verbose url raw babel-brunch
101 verbose url resolving [ 'https://registry.npmjs.org/', './babel-brunch' ]
102 verbose url resolved https://registry.npmjs.org/babel-brunch
103 info trying registry request attempt 1 at 23:59:15
104 verbose etag "EGCK22FD2JMXMKJOSGDBZBQP7"
105 http GET https://registry.npmjs.org/babel-brunch
106 verbose url raw javascript-brunch
107 verbose url resolving [ 'https://registry.npmjs.org/', './javascript-brunch' ]
108 verbose url resolved https://registry.npmjs.org/javascript-brunch
109 info trying registry request attempt 1 at 23:59:15
110 verbose etag "29I869TOMAOKBX6F9X34ADN83"
111 http GET https://registry.npmjs.org/javascript-brunch
112 verbose url raw uglify-js-brunch
113 verbose url resolving [ 'https://registry.npmjs.org/', './uglify-js-brunch' ]
114 verbose url resolved https://registry.npmjs.org/uglify-js-brunch
115 info trying registry request attempt 1 at 23:59:15
116 verbose etag "13FU9J8Y5W216UTLU2ZRS4T4M"
117 http GET https://registry.npmjs.org/uglify-js-brunch
118 verbose url raw phoenix
119 verbose url resolving [ 'https://registry.npmjs.org/', './phoenix' ]
120 verbose url resolved https://registry.npmjs.org/phoenix
121 info trying registry request attempt 1 at 23:59:15
122 verbose etag "3KWLGPJF5U3RDJTFGVX0954C8"
123 http GET https://registry.npmjs.org/phoenix
124 verbose url raw brunch
125 verbose url resolving [ 'https://registry.npmjs.org/', './brunch' ]
126 verbose url resolved https://registry.npmjs.org/brunch
127 info trying registry request attempt 1 at 23:59:15
128 verbose etag "8RCINFVBIM4DEZQATK0U3PVHF"
129 http GET https://registry.npmjs.org/brunch
130 verbose url raw phoenix_html
131 verbose url resolving [ 'https://registry.npmjs.org/', './phoenix_html' ]
132 verbose url resolved https://registry.npmjs.org/phoenix_html
133 info trying registry request attempt 1 at 23:59:15
134 http GET https://registry.npmjs.org/phoenix_html
135 http 304 https://registry.npmjs.org/javascript-brunch
136 silly registry.get cb [ 304,
136 silly registry.get   { date: 'Thu, 28 Apr 2016 14:59:15 GMT',
136 silly registry.get     via: '1.1 varnish',
136 silly registry.get     'cache-control': 'max-age=300',
136 silly registry.get     etag: '"29I869TOMAOKBX6F9X34ADN83"',
136 silly registry.get     age: '0',
136 silly registry.get     connection: 'keep-alive',
136 silly registry.get     'x-served-by': 'cache-nrt6129-NRT',
136 silly registry.get     'x-cache': 'HIT',
136 silly registry.get     'x-cache-hits': '1',
136 silly registry.get     'x-timer': 'S1461855555.389370,VS0,VE127',
136 silly registry.get     vary: 'Accept-Encoding' } ]
137 verbose etag javascript-brunch from cache
138 silly addNameRange number 2 { name: 'javascript-brunch',
138 silly addNameRange   range: '>=1.8.0-0 <1.9.0-0',
138 silly addNameRange   hasData: true }
139 silly addNameRange versions [ 'javascript-brunch',
139 silly addNameRange   [ '1.0.0',
139 silly addNameRange     '1.1.0',
139 silly addNameRange     '1.1.1',
139 silly addNameRange     '1.3.0',
139 silly addNameRange     '1.5.0',
139 silly addNameRange     '1.5.1',
139 silly addNameRange     '1.6.0',
139 silly addNameRange     '1.7.0',
139 silly addNameRange     '1.7.1',
139 silly addNameRange     '1.8.0',
139 silly addNameRange     '2.0.0' ] ]
140 verbose addNamed [ 'javascript-brunch', '1.8.0' ]
141 verbose addNamed [ '1.8.0', '1.8.0' ]
142 silly lockFile a03396de-javascript-brunch-1-8-0 javascript-brunch@1.8.0
143 verbose lock javascript-brunch@1.8.0 /Users/YusukeAbe/.npm/a03396de-javascript-brunch-1-8-0.lock
144 silly lockFile a03396de-javascript-brunch-1-8-0 javascript-brunch@1.8.0
145 silly lockFile a03396de-javascript-brunch-1-8-0 javascript-brunch@1.8.0
146 silly lockFile e65a8e02-javascript-brunch-1-8-0 javascript-brunch@~1.8.0
147 silly lockFile e65a8e02-javascript-brunch-1-8-0 javascript-brunch@~1.8.0
148 http 304 https://registry.npmjs.org/babel-brunch
149 silly registry.get cb [ 304,
149 silly registry.get   { date: 'Thu, 28 Apr 2016 14:59:15 GMT',
149 silly registry.get     via: '1.1 varnish',
149 silly registry.get     'cache-control': 'max-age=300',
149 silly registry.get     etag: '"EGCK22FD2JMXMKJOSGDBZBQP7"',
149 silly registry.get     age: '0',
149 silly registry.get     connection: 'keep-alive',
149 silly registry.get     'x-served-by': 'cache-nrt6129-NRT',
149 silly registry.get     'x-cache': 'MISS',
149 silly registry.get     'x-cache-hits': '0',
149 silly registry.get     'x-timer': 'S1461855555.388735,VS0,VE145',
149 silly registry.get     vary: 'Accept-Encoding' } ]
150 verbose etag babel-brunch from cache
151 silly addNameRange number 2 { name: 'babel-brunch',
151 silly addNameRange   range: '>=6.0.0-0 <6.1.0-0',
151 silly addNameRange   hasData: true }
152 silly addNameRange versions [ 'babel-brunch',
152 silly addNameRange   [ '4.0.0',
152 silly addNameRange     '5.0.0',
152 silly addNameRange     '5.0.1',
152 silly addNameRange     '5.1.0',
152 silly addNameRange     '5.1.1',
152 silly addNameRange     '5.1.2',
152 silly addNameRange     '6.0.0',
152 silly addNameRange     '6.0.1',
152 silly addNameRange     '6.0.2',
152 silly addNameRange     '6.0.3',
152 silly addNameRange     '6.0.4' ] ]
153 verbose addNamed [ 'babel-brunch', '6.0.4' ]
154 verbose addNamed [ '6.0.4', '6.0.4' ]
155 silly lockFile 77e90c0b-babel-brunch-6-0-4 babel-brunch@6.0.4
156 verbose lock babel-brunch@6.0.4 /Users/YusukeAbe/.npm/77e90c0b-babel-brunch-6-0-4.lock
157 silly lockFile 77e90c0b-babel-brunch-6-0-4 babel-brunch@6.0.4
158 silly lockFile 77e90c0b-babel-brunch-6-0-4 babel-brunch@6.0.4
159 silly lockFile 6b74a846-babel-brunch-6-0-0 babel-brunch@~6.0.0
160 silly lockFile 6b74a846-babel-brunch-6-0-0 babel-brunch@~6.0.0
161 http 304 https://registry.npmjs.org/phoenix
162 silly registry.get cb [ 304,
162 silly registry.get   { date: 'Thu, 28 Apr 2016 14:59:15 GMT',
162 silly registry.get     via: '1.1 varnish',
162 silly registry.get     'cache-control': 'max-age=300',
162 silly registry.get     etag: '"3KWLGPJF5U3RDJTFGVX0954C8"',
162 silly registry.get     age: '0',
162 silly registry.get     connection: 'keep-alive',
162 silly registry.get     'x-served-by': 'cache-nrt6129-NRT',
162 silly registry.get     'x-cache': 'HIT',
162 silly registry.get     'x-cache-hits': '1',
162 silly registry.get     'x-timer': 'S1461855555.524803,VS0,VE126',
162 silly registry.get     vary: 'Accept-Encoding' } ]
163 verbose etag phoenix from cache
164 info maybeGithub Attempting file:deps/phoenix from git://github.com/file:deps/phoenix
165 silly lockFile 6d5f9840-git-github-com-file-deps-phoenix git://github.com/file:deps/phoenix
166 verbose lock git://github.com/file:deps/phoenix /Users/YusukeAbe/.npm/6d5f9840-git-github-com-file-deps-phoenix.lock
167 verbose addRemoteGit [ 'git://github.com/file:deps/phoenix', 'master' ]
168 http 404 https://registry.npmjs.org/phoenix_html
169 silly registry.get cb [ 404,
169 silly registry.get   { 'content-type': 'application/json',
169 silly registry.get     'cache-control': 'max-age=0',
169 silly registry.get     'content-length': '2',
169 silly registry.get     'accept-ranges': 'bytes',
169 silly registry.get     date: 'Thu, 28 Apr 2016 14:59:15 GMT',
169 silly registry.get     via: '1.1 varnish',
169 silly registry.get     age: '0',
169 silly registry.get     connection: 'keep-alive',
169 silly registry.get     'x-served-by': 'cache-nrt6129-NRT',
169 silly registry.get     'x-cache': 'MISS',
169 silly registry.get     'x-cache-hits': '0',
169 silly registry.get     'x-timer': 'S1461855555.657031,VS0,VE336',
169 silly registry.get     vary: 'Accept-Encoding' } ]
170 info maybeGithub Attempting file:deps/phoenix_html from git://github.com/file:deps/phoenix_html
171 silly lockFile f4155054-ithub-com-file-deps-phoenix-html git://github.com/file:deps/phoenix_html
172 verbose lock git://github.com/file:deps/phoenix_html /Users/YusukeAbe/.npm/f4155054-ithub-com-file-deps-phoenix-html.lock
173 verbose addRemoteGit [ 'git://github.com/file:deps/phoenix_html', 'master' ]
174 verbose git clone git://github.com/file:deps/phoenix Cloning into bare repository '/Users/YusukeAbe/.npm/_git-remotes/git-github-com-file-deps-phoenix-6d5f9840'...
174 verbose git clone git://github.com/file:deps/phoenix fatal: remote error:
174 verbose git clone git://github.com/file:deps/phoenix   file:deps/phoenix is not a valid repository name
174 verbose git clone git://github.com/file:deps/phoenix   Email support@github.com for help
175 silly lockFile 6d5f9840-git-github-com-file-deps-phoenix git://github.com/file:deps/phoenix
176 silly lockFile 6d5f9840-git-github-com-file-deps-phoenix git://github.com/file:deps/phoenix
177 info maybeGithub Attempting file:deps/phoenix from git+ssh://git@github.com:file:deps/phoenix
178 silly lockFile c83d6c1a-git-github-com-file-deps-phoenix git@github.com:file:deps/phoenix
179 verbose lock git@github.com:file:deps/phoenix /Users/YusukeAbe/.npm/c83d6c1a-git-github-com-file-deps-phoenix.lock
180 verbose addRemoteGit [ 'git@github.com:file:deps/phoenix', 'master' ]
181 http 304 https://registry.npmjs.org/brunch
182 silly registry.get cb [ 304,
182 silly registry.get   { date: 'Thu, 28 Apr 2016 14:59:15 GMT',
182 silly registry.get     via: '1.1 varnish',
182 silly registry.get     'cache-control': 'max-age=300',
182 silly registry.get     etag: '"8RCINFVBIM4DEZQATK0U3PVHF"',
182 silly registry.get     age: '0',
182 silly registry.get     connection: 'keep-alive',
182 silly registry.get     'x-served-by': 'cache-nrt6129-NRT',
182 silly registry.get     'x-cache': 'HIT',
182 silly registry.get     'x-cache-hits': '1',
182 silly registry.get     'x-timer': 'S1461855555.539920,VS0,VE517',
182 silly registry.get     vary: 'Accept-Encoding' } ]
183 verbose etag brunch from cache
184 silly addNameRange number 2 { name: 'brunch', range: '>=2.1.3-0 <2.2.0-0', hasData: true }
185 silly addNameRange versions [ 'brunch',
185 silly addNameRange   [ '0.0.1',
185 silly addNameRange     '0.0.2',
185 silly addNameRange     '0.0.3',
185 silly addNameRange     '0.0.4',
185 silly addNameRange     '0.0.5',
185 silly addNameRange     '0.0.6',
185 silly addNameRange     '0.0.7',
185 silly addNameRange     '0.0.8',
185 silly addNameRange     '0.1.0',
185 silly addNameRange     '0.1.1',
185 silly addNameRange     '0.1.3',
185 silly addNameRange     '0.1.4',
185 silly addNameRange     '0.1.5',
185 silly addNameRange     '0.1.6',
185 silly addNameRange     '0.1.7',
185 silly addNameRange     '0.1.8',
185 silly addNameRange     '0.1.9',
185 silly addNameRange     '0.2.0',
185 silly addNameRange     '0.2.1',
185 silly addNameRange     '0.2.2',
185 silly addNameRange     '0.2.3',
185 silly addNameRange     '0.2.4',
185 silly addNameRange     '0.2.6',
185 silly addNameRange     '0.2.7',
185 silly addNameRange     '0.2.8',
185 silly addNameRange     '0.3.0',
185 silly addNameRange     '0.3.1',
185 silly addNameRange     '0.3.2',
185 silly addNameRange     '0.3.4',
185 silly addNameRange     '0.3.5',
185 silly addNameRange     '0.3.6',
185 silly addNameRange     '0.3.7',
185 silly addNameRange     '0.4.0',
185 silly addNameRange     '0.4.1',
185 silly addNameRange     '0.4.2',
185 silly addNameRange     '0.4.3',
185 silly addNameRange     '0.4.4',
185 silly addNameRange     '0.4.5',
185 silly addNameRange     '0.5.1',
185 silly addNameRange     '0.5.2',
185 silly addNameRange     '0.5.3',
185 silly addNameRange     '0.5.4',
185 silly addNameRange     '0.5.5',
185 silly addNameRange     '0.5.6',
185 silly addNameRange     '0.6.0',
185 silly addNameRange     '0.6.1',
185 silly addNameRange     '0.6.2',
185 silly addNameRange     '0.7.0',
185 silly addNameRange     '0.7.1',
185 silly addNameRange     '0.7.2',
185 silly addNameRange     '0.7.3',
185 silly addNameRange     '0.7.4',
185 silly addNameRange     '0.8.0',
185 silly addNameRange     '0.8.1',
185 silly addNameRange     '0.9.0-beta1',
185 silly addNameRange     '0.9.0',
185 silly addNameRange     '0.9.1',
185 silly addNameRange     '1.0.0',
185 silly addNameRange     '1.0.1',
185 silly addNameRange     '1.0.2',
185 silly addNameRange     '1.0.3',
185 silly addNameRange     '1.1.0',
185 silly addNameRange     '1.1.1',
185 silly addNameRange     '1.1.2',
185 silly addNameRange     '1.2.0',
185 silly addNameRange     '1.2.1',
185 silly addNameRange     '1.2.2',
185 silly addNameRange     '1.3.0',
185 silly addNameRange     '1.3.1',
185 silly addNameRange     '1.3.2',
185 silly addNameRange     '1.3.3',
185 silly addNameRange     '1.3.4',
185 silly addNameRange     '1.4.0',
185 silly addNameRange     '1.4.1',
185 silly addNameRange     '1.4.2',
185 silly addNameRange     '1.4.3',
185 silly addNameRange     '1.4.4',
185 silly addNameRange     '1.4.5',
185 silly addNameRange     '1.5.0',
185 silly addNameRange     '1.5.1',
185 silly addNameRange     '1.5.2',
185 silly addNameRange     '1.5.3',
185 silly addNameRange     '1.5.4',
185 silly addNameRange     '1.6.0',
185 silly addNameRange     '1.6.1',
185 silly addNameRange     '1.6.2',
185 silly addNameRange     '1.6.3',
185 silly addNameRange     '1.6.4',
185 silly addNameRange     '1.6.5',
185 silly addNameRange     '1.6.6',
185 silly addNameRange     '1.6.7',
185 silly addNameRange     '1.7.0',
185 silly addNameRange     '1.7.1',
185 silly addNameRange     '1.7.2',
185 silly addNameRange     '1.7.3',
185 silly addNameRange     '1.7.4',
185 silly addNameRange     '1.7.5',
185 silly addNameRange     '1.7.6',
185 silly addNameRange     '1.7.7',
185 silly addNameRange     '1.7.8',
185 silly addNameRange     '1.7.9',
185 silly addNameRange     '1.7.10',
185 silly addNameRange     '1.7.12',
185 silly addNameRange     '1.7.13',
185 silly addNameRange     '1.7.14',
185 silly addNameRange     '1.7.15',
185 silly addNameRange     '1.7.16',
185 silly addNameRange     '1.7.17',
185 silly addNameRange     '1.7.18',
185 silly addNameRange     '1.7.19',
185 silly addNameRange     '1.7.20',
185 silly addNameRange     '1.8.0',
185 silly addNameRange     '1.8.1',
185 silly addNameRange     '1.8.2',
185 silly addNameRange     '1.8.3',
185 silly addNameRange     '1.8.4',
185 silly addNameRange     '1.8.5',
185 silly addNameRange     '2.0.0',
185 silly addNameRange     '2.0.1',
185 silly addNameRange     '2.0.2',
185 silly addNameRange     '2.0.3',
185 silly addNameRange     '2.0.4',
185 silly addNameRange     '2.1.0',
185 silly addNameRange     '2.1.1',
185 silly addNameRange     '2.1.2',
185 silly addNameRange     '2.1.3',
185 silly addNameRange     '2.2.0',
185 silly addNameRange     '2.2.1',
185 silly addNameRange     '2.2.2',
185 silly addNameRange     '2.2.3',
185 silly addNameRange     '2.3.0',
185 silly addNameRange     '2.3.1',
185 silly addNameRange     '2.3.2',
185 silly addNameRange     '2.4.0',
185 silly addNameRange     '2.4.1',
185 silly addNameRange     '2.4.2',
185 silly addNameRange     '2.5.0-pre',
185 silly addNameRange     '2.5.0',
185 silly addNameRange     '2.5.1',
185 silly addNameRange     '2.5.2',
185 silly addNameRange     '2.5.3',
185 silly addNameRange     '2.6.0',
185 silly addNameRange     '2.6.1',
185 silly addNameRange     '2.6.2',
185 silly addNameRange     '2.6.3',
185 silly addNameRange     '2.6.4',
185 silly addNameRange     '2.6.5',
185 silly addNameRange     '2.6.6',
185 silly addNameRange     '2.7.1',
185 silly addNameRange     '2.7.2',
185 silly addNameRange     '2.7.3',
185 silly addNameRange     '2.7.4' ] ]
186 verbose addNamed [ 'brunch', '2.1.3' ]
187 verbose addNamed [ '2.1.3', '2.1.3' ]
188 silly lockFile deb19202-brunch-2-1-3 brunch@2.1.3
189 verbose lock brunch@2.1.3 /Users/YusukeAbe/.npm/deb19202-brunch-2-1-3.lock
190 http 304 https://registry.npmjs.org/clean-css-brunch
191 silly registry.get cb [ 304,
191 silly registry.get   { date: 'Thu, 28 Apr 2016 14:59:15 GMT',
191 silly registry.get     via: '1.1 varnish',
191 silly registry.get     'cache-control': 'max-age=300',
191 silly registry.get     etag: '"5MPZPCMAI74IWZRADCMJFIHZW"',
191 silly registry.get     age: '0',
191 silly registry.get     connection: 'keep-alive',
191 silly registry.get     'x-served-by': 'cache-nrt6130-NRT',
191 silly registry.get     'x-cache': 'HIT',
191 silly registry.get     'x-cache-hits': '1',
191 silly registry.get     'x-timer': 'S1461855555.388038,VS0,VE701',
191 silly registry.get     vary: 'Accept-Encoding' } ]
192 verbose etag clean-css-brunch from cache
193 silly addNameRange number 2 { name: 'clean-css-brunch',
193 silly addNameRange   range: '>=1.8.0-0 <1.9.0-0',
193 silly addNameRange   hasData: true }
194 silly addNameRange versions [ 'clean-css-brunch',
194 silly addNameRange   [ '1.0.0',
194 silly addNameRange     '1.1.0',
194 silly addNameRange     '1.1.1',
194 silly addNameRange     '1.3.0',
194 silly addNameRange     '1.4.0',
194 silly addNameRange     '1.5.0',
194 silly addNameRange     '1.5.1',
194 silly addNameRange     '1.6.0',
194 silly addNameRange     '1.7.0',
194 silly addNameRange     '1.7.1',
194 silly addNameRange     '1.7.2',
194 silly addNameRange     '1.8.0',
194 silly addNameRange     '2.0.0' ] ]
195 verbose addNamed [ 'clean-css-brunch', '1.8.0' ]
196 verbose addNamed [ '1.8.0', '1.8.0' ]
197 silly lockFile ad3a297f-clean-css-brunch-1-8-0 clean-css-brunch@1.8.0
198 verbose lock clean-css-brunch@1.8.0 /Users/YusukeAbe/.npm/ad3a297f-clean-css-brunch-1-8-0.lock
199 silly lockFile deb19202-brunch-2-1-3 brunch@2.1.3
200 silly lockFile deb19202-brunch-2-1-3 brunch@2.1.3
201 silly lockFile ae899708-brunch-2-1-3 brunch@~2.1.3
202 silly lockFile ae899708-brunch-2-1-3 brunch@~2.1.3
203 silly lockFile ad3a297f-clean-css-brunch-1-8-0 clean-css-brunch@1.8.0
204 silly lockFile ad3a297f-clean-css-brunch-1-8-0 clean-css-brunch@1.8.0
205 silly lockFile ce351c63-clean-css-brunch-1-8-0 clean-css-brunch@~1.8.0
206 silly lockFile ce351c63-clean-css-brunch-1-8-0 clean-css-brunch@~1.8.0
207 http 304 https://registry.npmjs.org/css-brunch
208 silly registry.get cb [ 304,
208 silly registry.get   { date: 'Thu, 28 Apr 2016 14:59:15 GMT',
208 silly registry.get     via: '1.1 varnish',
208 silly registry.get     'cache-control': 'max-age=300',
208 silly registry.get     etag: '"4YX2L1NJVSI2XGV2B6L7CKNYH"',
208 silly registry.get     age: '0',
208 silly registry.get     connection: 'keep-alive',
208 silly registry.get     'x-served-by': 'cache-nrt6120-NRT',
208 silly registry.get     'x-cache': 'HIT',
208 silly registry.get     'x-cache-hits': '1',
208 silly registry.get     'x-timer': 'S1461855555.387647,VS0,VE844',
208 silly registry.get     vary: 'Accept-Encoding' } ]
209 verbose etag css-brunch from cache
210 silly addNameRange number 2 { name: 'css-brunch',
210 silly addNameRange   range: '>=1.7.0-0 <1.8.0-0',
210 silly addNameRange   hasData: true }
211 silly addNameRange versions [ 'css-brunch',
211 silly addNameRange   [ '1.0.0',
211 silly addNameRange     '1.1.0',
211 silly addNameRange     '1.1.1',
211 silly addNameRange     '1.3.0',
211 silly addNameRange     '1.5.0',
211 silly addNameRange     '1.5.1',
211 silly addNameRange     '1.6.0',
211 silly addNameRange     '1.7.0',
211 silly addNameRange     '2.0.0',
211 silly addNameRange     '2.6.0',
211 silly addNameRange     '2.6.1' ] ]
212 verbose addNamed [ 'css-brunch', '1.7.0' ]
213 verbose addNamed [ '1.7.0', '1.7.0' ]
214 silly lockFile c3390392-css-brunch-1-7-0 css-brunch@1.7.0
215 verbose lock css-brunch@1.7.0 /Users/YusukeAbe/.npm/c3390392-css-brunch-1-7-0.lock
216 silly lockFile c3390392-css-brunch-1-7-0 css-brunch@1.7.0
217 silly lockFile c3390392-css-brunch-1-7-0 css-brunch@1.7.0
218 silly lockFile 37226b7f-css-brunch-1-7-0 css-brunch@~1.7.0
219 silly lockFile 37226b7f-css-brunch-1-7-0 css-brunch@~1.7.0
220 http 304 https://registry.npmjs.org/uglify-js-brunch
221 silly registry.get cb [ 304,
221 silly registry.get   { date: 'Thu, 28 Apr 2016 14:59:15 GMT',
221 silly registry.get     via: '1.1 varnish',
221 silly registry.get     'cache-control': 'max-age=300',
221 silly registry.get     etag: '"13FU9J8Y5W216UTLU2ZRS4T4M"',
221 silly registry.get     age: '0',
221 silly registry.get     connection: 'keep-alive',
221 silly registry.get     'x-served-by': 'cache-nrt6127-NRT',
221 silly registry.get     'x-cache': 'HIT',
221 silly registry.get     'x-cache-hits': '1',
221 silly registry.get     'x-timer': 'S1461855555.389321,VS0,VE852',
221 silly registry.get     vary: 'Accept-Encoding' } ]
222 verbose etag uglify-js-brunch from cache
223 silly addNameRange number 2 { name: 'uglify-js-brunch',
223 silly addNameRange   range: '>=1.7.0-0 <1.8.0-0',
223 silly addNameRange   hasData: true }
224 silly addNameRange versions [ 'uglify-js-brunch',
224 silly addNameRange   [ '1.0.0',
224 silly addNameRange     '1.1.0',
224 silly addNameRange     '1.1.1',
224 silly addNameRange     '1.3.0',
224 silly addNameRange     '1.3.1',
224 silly addNameRange     '1.5.0',
224 silly addNameRange     '1.5.1',
224 silly addNameRange     '1.7.0',
224 silly addNameRange     '1.7.1',
224 silly addNameRange     '1.7.2',
224 silly addNameRange     '1.7.3',
224 silly addNameRange     '1.7.4',
224 silly addNameRange     '1.7.5',
224 silly addNameRange     '1.7.6',
224 silly addNameRange     '1.7.7',
224 silly addNameRange     '1.7.8',
224 silly addNameRange     '2.0.0',
224 silly addNameRange     '2.0.1' ] ]
225 verbose addNamed [ 'uglify-js-brunch', '1.7.8' ]
226 verbose addNamed [ '1.7.8', '1.7.8' ]
227 silly lockFile cd6b0dc2-uglify-js-brunch-1-7-8 uglify-js-brunch@1.7.8
228 verbose lock uglify-js-brunch@1.7.8 /Users/YusukeAbe/.npm/cd6b0dc2-uglify-js-brunch-1-7-8.lock
229 silly lockFile cd6b0dc2-uglify-js-brunch-1-7-8 uglify-js-brunch@1.7.8
230 silly lockFile cd6b0dc2-uglify-js-brunch-1-7-8 uglify-js-brunch@1.7.8
231 silly lockFile 1e79e113-uglify-js-brunch-1-7-0 uglify-js-brunch@~1.7.0
232 silly lockFile 1e79e113-uglify-js-brunch-1-7-0 uglify-js-brunch@~1.7.0
233 verbose git clone git://github.com/file:deps/phoenix_html Cloning into bare repository '/Users/YusukeAbe/.npm/_git-remotes/git-github-com-file-deps-phoenix-html-f4155054'...
233 verbose git clone git://github.com/file:deps/phoenix_html fatal: remote error:
233 verbose git clone git://github.com/file:deps/phoenix_html   file:deps/phoenix_html is not a valid repository name
233 verbose git clone git://github.com/file:deps/phoenix_html   Email support@github.com for help
234 silly lockFile f4155054-ithub-com-file-deps-phoenix-html git://github.com/file:deps/phoenix_html
235 silly lockFile f4155054-ithub-com-file-deps-phoenix-html git://github.com/file:deps/phoenix_html
236 info maybeGithub Attempting file:deps/phoenix_html from git+ssh://git@github.com:file:deps/phoenix_html
237 silly lockFile 50a27b71-ithub-com-file-deps-phoenix-html git@github.com:file:deps/phoenix_html
238 verbose lock git@github.com:file:deps/phoenix_html /Users/YusukeAbe/.npm/50a27b71-ithub-com-file-deps-phoenix-html.lock
239 verbose addRemoteGit [ 'git@github.com:file:deps/phoenix_html', 'master' ]
240 verbose git clone git@github.com:file:deps/phoenix Cloning into bare repository '/Users/YusukeAbe/.npm/_git-remotes/git-github-com-file-deps-phoenix-c83d6c1a'...
240 verbose git clone git@github.com:file:deps/phoenix fatal: remote error:
240 verbose git clone git@github.com:file:deps/phoenix    is not a valid repository name
240 verbose git clone git@github.com:file:deps/phoenix   Email support@github.com for help
241 silly lockFile c83d6c1a-git-github-com-file-deps-phoenix git@github.com:file:deps/phoenix
242 silly lockFile c83d6c1a-git-github-com-file-deps-phoenix git@github.com:file:deps/phoenix
243 silly lockFile 25706d37-phoenix-file-deps-phoenix phoenix@file:deps/phoenix
244 silly lockFile 25706d37-phoenix-file-deps-phoenix phoenix@file:deps/phoenix
245 error notarget No compatible version found: phoenix@'file:deps/phoenix'
245 error notarget Valid install targets:
245 error notarget ["0.1.1-dev"]
245 error notarget
245 error notarget This is most likely not a problem with npm itself.
245 error notarget In most cases you or one of your dependencies are requesting
245 error notarget a package version that doesn't exist.
246 error System Darwin 15.3.0
247 error command "/Users/YusukeAbe/.nodebrew/node/v0.10.28/bin/node" "/Users/YusukeAbe/.nodebrew/current/bin/npm" "install"
248 error cwd /Users/YusukeAbe/src/lab/phoenixblog
249 error node -v v0.10.28
250 error npm -v 1.4.9
251 error code ETARGET
252 verbose exit [ 1, true ]
